C51 COMPILER V9.00   DRVPM                                                                 07/03/2017 18:41:28 PAGE 1   


C51 COMPILER V9.00, COMPILATION OF MODULE DRVPM
OBJECT MODULE PLACED IN .\Obj\drvPM.obj
COMPILER INVOKED BY: C:\Keil4\C51\BIN\C51.EXE ..\Code\DRIVER\drvPM.c OPTIMIZE(9,SPEED) BROWSE INCDIR(..\Code\INC;..\Code
                    -\DRIVER\INC;..\Code\DRIVER\MST9U\INC;..\Code\DRIVER\MST9U3\INC) DEFINE(ModelName=MST9U3_DEMO,CHIP_ID=MST9U3) DEBUG OBJEC
                    -TEXTEND PRINT(.\List\drvPM.lst) OBJECT(.\Obj\drvPM.obj)

line level    source

   1          
   2          #include "Global.h"
   3          #include "Board.h"
   4          #include "Model_Define.h"
   5          
   6          #if CHIP_ID == MST9U||CHIP_ID == MST9U2
              #include "..\MST9U\drvPM_MST9U.c"
              #elif CHIP_ID == MST9U3
   9          #include "..\MST9U3\drvPM_MST9U3.c"
  10          #else
              #message "please implement DrvPM.c for new chip"
              #endif
  13          
  14          #if 0
              BYTE code msDACNullData[] = {0};
              void msDACDummy(void)
              {
                  BYTE xdata i = msDACNullData[0];
              }
              #endif


MODULE INFORMATION:   STATIC OVERLAYABLE
   CODE SIZE        =   8234    ----
   CONSTANT SIZE    =    140    ----
   XDATA SIZE       =     31      23
   PDATA SIZE       =   ----    ----
   DATA SIZE        =      2      22
   IDATA SIZE       =   ----    ----
   BIT SIZE         =   ----    ----
END OF MODULE INFORMATION.


C51 COMPILATION COMPLETE.  0 WARNING(S),  0 ERROR(S)
