C51 COMPILER V9.00   MAPI_TMDS                                                             07/03/2017 18:41:26 PAGE 1   


C51 COMPILER V9.00, COMPILATION OF MODULE MAPI_TMDS
OBJECT MODULE PLACED IN .\Obj\mapi_tmds.obj
COMPILER INVOKED BY: C:\Keil4\C51\BIN\C51.EXE ..\Code\mapi_tmds.c OPTIMIZE(9,SPEED) BROWSE INCDIR(..\Code\INC;..\Code\DR
                    -IVER\INC;..\Code\DRIVER\MST9U\INC;..\Code\DRIVER\MST9U3\INC) DEFINE(ModelName=MST9U3_DEMO,CHIP_ID=MST9U3) DEBUG OBJECTEX
                    -TEND PRINT(.\List\mapi_tmds.lst) OBJECT(.\Obj\mapi_tmds.obj)

line level    source

   1          #ifndef _MAPI_TMDS_C_
   2          #define _MAPI_TMDS_C_
   3          
   4          //-------------------------------------------------------------------------------------------------
   5          //  Include Files
   6          //-------------------------------------------------------------------------------------------------
   7          #include "Global.h"
   8          #include "mapi_tmds.h"
   9          #include "mdrv_tmds.h"
  10          #include "mdrv_tmds.c"
  11          
  12          
  13          //-------------------------------------------------------------------------------------------------
  14          //  Local Defines
  15          //-------------------------------------------------------------------------------------------------
  16          //-------------------------------------------------------------------------------------------------
  17          //  Local Structures
  18          //-------------------------------------------------------------------------------------------------
  19          
  20          //-------------------------------------------------------------------------------------------------
  21          //  Global Variables
  22          //-------------------------------------------------------------------------------------------------
  23          
  24          //-------------------------------------------------------------------------------------------------
  25          //  Local Variables
  26          //-------------------------------------------------------------------------------------------------
  27          
  28          //-------------------------------------------------------------------------------------------------
  29          //  Local Functions
  30          //-------------------------------------------------------------------------------------------------
  31          #ifdef _WORK_ON_PM_
              //**************************************************************************
              //  [Function Name]:
              //                  mapi_tmds_SetConfiguration()
              //  [Description]:
              //                  use to each combo port type is DVI, Dual or HDMI.
              //  [Arguments]:
              //                  ucDVIEnableIndex : if bitx = true, means combo(x) is DVI port
              //                  ucDualnableIndex :  if bitx = true, means combo(x) is Dual link port
              //                  ucHDMIEnableIndex :  if bitx = true, means combo(x) is HDMI port
              //                  ucDisplayEnableIndex :   if bitx = true, means combo(x) needs to be display
              //  [Return]:
              //                  none
              //**************************************************************************
              void mapi_tmds_SetConfiguration(BYTE ucDVIEnableIndex, BYTE ucDualnableIndex, BYTE ucHDMIEnableIndex, BYTE
             - ucDisplayEnableIndex)
              {
                  mdrv_tmds_SetConfiguration( ucDVIEnableIndex,  ucDualnableIndex,  ucHDMIEnableIndex,  ucDisplayEnableI
             -ndex);
              }
              
              
              //**************************************************************************
C51 COMPILER V9.00   MAPI_TMDS                                                             07/03/2017 18:41:26 PAGE 2   

              //  [Function Name]:
              //                  mapi_tmds_Initial()
              //  [Description]:
              //                  use to initial variable
              //  [Arguments]:
              //                  none
              //  [Return]:
              //                  none
              //**************************************************************************
              void mapi_tmds_Initial(void)
              {
                  mdrv_tmds_Initial();
              }
              
              //**************************************************************************
              //  [Function Name]:
              //                  mapi_tmds_ConfigAudioPort()
              //  [Description]:
              //                  configurate which port is going to be the audio source
              //  [Arguments]:
              //                  none
              //  [Return]:
              //                  none
              //**************************************************************************
              void mapi_tmds_ConfigAudioPort(BYTE ucInputPort)
              {
                  mdrv_tmds_ConfigAudioPort(ucInputPort);
              }
              
              //**************************************************************************
              //  [Function Name]:
              //                  mapi_tmds_Handler()
              //  [Description]:
              //                  use to polling HDMI status,
              //                  ex: input format, packet status, color format
              //  [Arguments]:
              //                  none
              //  [Return]:
              //                  none
              //**************************************************************************
              void mapi_tmds_Handler(void)
              {
                  mdrv_tmds_Handler();
              }
              
              void mapi_tmds_TimerInterrupt(void)
              {
                  mdrv_tmds_TimerInterrupt();
              }
              
              //**************************************************************************
              //  [Function Name]:
              //                  mapi_tmds_Set_HPD()
              //  [Description]:
              //                  use to control hot plug pin
              //  [Arguments]:
              //                  ucComboSelect : combo port
              //                  bSetHPD : 1 = HIGH, 0 = LOW
              //  [Return]:
              //                  none
              //**************************************************************************
              void mapi_tmds_Set_HPD(BYTE ucComboSelect, MS_BOOL bSetHPD)
C51 COMPILER V9.00   MAPI_TMDS                                                             07/03/2017 18:41:26 PAGE 3   

              {
                  mdrv_tmds_Set_HPD(ucComboSelect, bSetHPD);
              }
              
              
              //**************************************************************************
              //  [Function Name]:
              //                  mapi_tmds_Get_Color_Format()
              //  [Description]:
              //                  use to get input color format
              //  [Arguments]:
              //                  enInputPort : combo port
              //  [Return]:
              //                  typedef struct
              //                  {
              //                      EN_COLOR_FORMAT_TYPE    ucColorType;
              //                      EN_COLOR_RANGE_TYPE     ucColorRange;
              //                      EN_COLORIMETRY_TYPE     ucColorimetry;
              //                   } ST_COMBO_COLOR_FORMAT;
              //
              //**************************************************************************
              ST_COMBO_COLOR_FORMAT mapi_tmds_Get_Color_Format(BYTE ucInputPort)
              {
                  return mdrv_tmds_Get_Color_Format(ucInputPort);
              }
              
              
              //**************************************************************************
              //  [Function Name]:
              //                  mapi_tmds_Input_Is_HDMI()
              //  [Description]:
              //                  use to check input signal is HDMI or DVI
              //  [Arguments]:
              //                  enInputPort : combo port
              //  [Return]:
              //                  1: HDMI
              //                  0: DVI
              //**************************************************************************
              BYTE mapi_tmds_Input_Is_HDMI(BYTE ucInputPort)
              {
                      return mdrv_tmds_Input_Is_HDMI(ucInputPort);
              }
              
              //**************************************************************************
              //  [Function Name]:
              //                  mapi_tmds_GetPacketContent()
              //  [Description]:
              //                  use to obtain HDMI packet contents
              //  [Arguments]:
              //                  enInputPort : combo port
              //                  ucPacketType: indicate the type of the packet which is going to be extracted
              //                  ucPacketLength: the total length to be extracted (byte unit)
              //                  pPacketData: pointer, address which store return content
              //  [Return]:
              //                  none
              //
              //**************************************************************************
              void mapi_tmds_GetPacketContent(BYTE ucInputPort, EN_PACKET_DEFINE_TYPE ucPacketType, BYTE ucPacketLength,
             - BYTE *pPacketData)
              {
                  mdrv_tmds_GetPacketContent(ucInputPort, ucPacketType, ucPacketLength, pPacketData);
              }
C51 COMPILER V9.00   MAPI_TMDS                                                             07/03/2017 18:41:26 PAGE 4   

              #endif
 176          
 177          #if ENABLE_CABLE_DET
              //**************************************************************************
              //  [Function Name]:
              //                  mapi_tmds_DetectCablePlug()
              //  [Description]:
              //                  detect if HDMI/DVI cable is attached.
              //  [Arguments]:
              //                  ucInputPort : combo port
              //  [Return]:
              //                  none
              //
              //**************************************************************************
              BYTE mapi_tmds_DetectCablePlug(BYTE ucInputPort)
              {
                  return mdrv_tmds_DetectCablePlug(ucInputPort);
              }
              #endif
 194          #endif // _MAPI_TMDS_C_


MODULE INFORMATION:   STATIC OVERLAYABLE
   CODE SIZE        =   4030    ----
   CONSTANT SIZE    =   ----    ----
   XDATA SIZE       =   ----       7
   PDATA SIZE       =   ----    ----
   DATA SIZE        =   ----      48
   IDATA SIZE       =   ----    ----
   BIT SIZE         =   ----    ----
END OF MODULE INFORMATION.


C51 COMPILATION COMPLETE.  0 WARNING(S),  0 ERROR(S)
